<?xml version="1.0" encoding="UTF-8"?>
<!-- Generated by org.testng.reporters.JUnitReportReporter -->
<testsuite skipped="0" hostname="BLRVMALAV062518" name="com.driverClass.Driver" tests="1" failures="0" timestamp="14 Apr 2017 13:11:55 GMT" time="3.964" errors="0">
  <testcase name="test" time="3.964" classname="com.driverClass.Driver"/>
</testsuite> <!-- com.driverClass.Driver -->
