<?xml version="1.0" encoding="UTF-8"?>
<!-- Generated by org.testng.reporters.JUnitReportReporter -->
<testsuite hostname="BLRVMALAV062518" name="com.driverClass.Driver" tests="1" failures="0" timestamp="26 Mar 2017 17:11:27 GMT" time="0.502" errors="0">
  <testcase name="test" time="0.502" classname="com.driverClass.Driver"/>
</testsuite> <!-- com.driverClass.Driver -->
