<?xml version="1.0" encoding="UTF-8"?>
<!-- Generated by org.testng.reporters.JUnitReportReporter -->
<testsuite skipped="0" hostname="BLRVMALAV062518" name="com.driverClass.Driver" tests="1" failures="0" timestamp="11 Apr 2017 04:01:41 GMT" time="3.845" errors="0">
  <testcase name="test" time="3.845" classname="com.driverClass.Driver"/>
</testsuite> <!-- com.driverClass.Driver -->
