<?xml version="1.0" encoding="UTF-8"?>
<!-- Generated by org.testng.reporters.JUnitReportReporter -->
<testsuite skipped="0" hostname="BLRVMALAV062518" name="com.driverClass.Driver" tests="1" failures="0" timestamp="28 Mar 2017 07:26:07 GMT" time="2.346" errors="0">
  <testcase name="test" time="2.346" classname="com.driverClass.Driver"/>
</testsuite> <!-- com.driverClass.Driver -->
